docker pull pjt3591oo/ethereum-geth:1.90
docker images
docker run -it --name ethereum.geth -p 8545:8545 -p 30303:30303 -d pjt3591oo/ethereum-geth:1.90
docker start ethereum.geth
docker exec -it ethereum.geth /bin/bash
$ mkdir node1
$ cd node1
$ geth --datadir $PWD account new
Address: {f1f8343ed9018db638a9054b5dec6259dfed446e}
keystore : UTC--2020-07-21T14-41-43.107041348Z--f1f8343ed9018db638a9054b5dec6259dfed446e

docker cp C:\Users\lwjin\genesis.json ethereum.geth:/node1/genesis.json

geth --datadir $PWD init genesis.json

geth --datadir $PWD --networkid 1234 console
geth --rpc --datadir $PWD --networkid 1234 --rpcapi db,eth,net,web3,admin.personal console

######### Ubuntu 18.04

git clone https://github.com/carsenk/explorer
apt-get remove nodejs npm  #설치되어있다면 삭제
apt-get update
apt-get upgrade

#node, npm 설치
curl -sL https://deb.nodesource.com/setup_12.x | bash -

## Run `sudo apt-get install -y nodejs` to install Node.js 12.x and npm
## You may also need development tools to build native addons:
     sudo apt-get install gcc g++ make
## To install the Yarn package manager, run:
     curl -sL https://dl.yarnpkg.com/debian/pubkey.gpg | apt-key add -
     echo "deb https://dl.yarnpkg.com/debian/ stable main" | tee /etc/apt/sources.list.d/yarn.list
     apt-get update && apt-get install yarn

apt-get install -y nodejs
apt-get install build-essential

apt-get install npm
npm -v #버전확인
cd explorer
npm install -g bower #bower설치
npm install

bower install
npm start
geth --rpc --rpcaddr localhost --rpcport 8545 --datadir $PWD --networkid 1234 --rpcapi db,eth,net,web3,admin.personal,personal console --rpccorsdomain="*" --dev

##################### web3js 외부접속
geth --rpc --rpcaddr 0.0.0.0 --rpcport 8545 --datadir $PWD --networkid 1234 --rpcapi db,eth,net,web3,admin.personal,personal --rpccorsdomain "*"  console

eth.blockNumber
eth.getBlock()
eth.accounts
eth.getBalance(eth.accounts[0])

personal.newAccount("1234")

eth.mining
>>false
miner.start(10)
eth.mining
>>마이닝 시작
miner.stop()

personal.unlockAccount(eth.accounts[0], "1234")
eth.sendTransaction({from:eth.accounts[0],to:eth.accounts[1],value:'10000000000'})
eth.sendTransaction({from:eth.accounts[0],data:"hello world!!"})
eth.sendTransaction({from:eth.accounts[0],data:"0x68656c6c6f20776f726c642121"})
eth.pendingTransactions

트랜잭션 상세확인
eth.getTransactionFromBlock("0x4c4b07ccae4a4fc45fb13bd6c191b9b8b386db474a119d231490278413ec50de") 
eth.getTransaction("0xd6260cedf627fdaf6d021106569bf7944728d224356e7353bc406043aafff0f3") 

# docker ifconfig설치
apt-get install net-tools

# web3js
npm, node 설치 후
bower install web3


